d:\gccopia\cheat-engine\dbkkernel\x64\debug\vc143.pdb
d:\gccopia\cheat-engine\dbkkernel\x64\debug\vmxhelper.obj
d:\gccopia\cheat-engine\dbkkernel\x64\debug\apic.obj
d:\gccopia\cheat-engine\dbkkernel\x64\debug\threads.obj
d:\gccopia\cheat-engine\dbkkernel\x64\debug\interrupthook.obj
d:\gccopia\cheat-engine\dbkkernel\x64\debug\deepkernel.obj
d:\gccopia\cheat-engine\dbkkernel\x64\debug\dbkdrvr.obj
d:\gccopia\cheat-engine\dbkkernel\x64\debug\dbkfunc.obj
d:\gccopia\cheat-engine\dbkkernel\x64\debug\debugger.obj
d:\gccopia\cheat-engine\dbkkernel\x64\debug\iopldispatcher.obj
d:\gccopia\cheat-engine\dbkkernel\x64\debug\memscan.obj
d:\gccopia\cheat-engine\dbkkernel\x64\debug\noexceptions.obj
d:\gccopia\cheat-engine\dbkkernel\x64\debug\vmxoffload.obj
d:\gccopia\cheat-engine\dbkkernel\x64\debug\processlist.obj
d:\gccopia\cheat-engine\dbkkernel\x64\debug\ultimap.obj
d:\gccopia\cheat-engine\dbkkernel\x64\debug\ultimap2.obj
d:\gccopia\cheat-engine\cheat engine\bin\dbk64.sys
d:\gccopia\cheat-engine\cheat engine\bin\dbk64.pdb
d:\gccopia\cheat-engine\dbkkernel\x64\debug\dbkfunca.obj
d:\gccopia\cheat-engine\dbkkernel\x64\debug\debuggera.obj
d:\gccopia\cheat-engine\dbkkernel\x64\debug\noexceptionsa.obj
d:\gccopia\cheat-engine\dbkkernel\x64\debug\ultimapa.obj
d:\gccopia\cheat-engine\dbkkernel\x64\debug\vmxhelpera.obj
d:\gccopia\cheat-engine\dbkkernel\x64\debug\vmxoffloada.obj
d:\gccopia\cheat-engine\dbkkernel\x64\debug\dbk64.inf
d:\gccopia\cheat-engine\dbkkernel\x64\debug\dbkkernel.tlog\cl.command.1.tlog
d:\gccopia\cheat-engine\dbkkernel\x64\debug\dbkkernel.tlog\cl.read.1.tlog
d:\gccopia\cheat-engine\dbkkernel\x64\debug\dbkkernel.tlog\cl.write.1.tlog
d:\gccopia\cheat-engine\dbkkernel\x64\debug\dbkkernel.tlog\link.command.1.tlog
d:\gccopia\cheat-engine\dbkkernel\x64\debug\dbkkernel.tlog\link.read.1.tlog
d:\gccopia\cheat-engine\dbkkernel\x64\debug\dbkkernel.tlog\link.secondary.1.tlog
d:\gccopia\cheat-engine\dbkkernel\x64\debug\dbkkernel.tlog\link.write.1.tlog
d:\gccopia\cheat-engine\dbkkernel\x64\debug\dbkkernel.tlog\masm.read.1u.tlog
d:\gccopia\cheat-engine\dbkkernel\x64\debug\dbkkernel.tlog\masm.write.1u.tlog
d:\gccopia\cheat-engine\dbkkernel\x64\debug\dbkkernel.tlog\signtool.command.1.tlog
d:\gccopia\cheat-engine\dbkkernel\x64\debug\dbkkernel.tlog\signtool.read.1.tlog
d:\gccopia\cheat-engine\dbkkernel\x64\debug\dbkkernel.tlog\signtool.timestamp.1.tlog
d:\gccopia\cheat-engine\dbkkernel\x64\debug\dbkkernel.tlog\signtool.write.1.tlog
d:\gccopia\cheat-engine\dbkkernel\x64\debug\dbkkernel.tlog\stampinf.command.1.tlog
d:\gccopia\cheat-engine\dbkkernel\x64\debug\dbkkernel.tlog\stampinf.read.1.tlog
d:\gccopia\cheat-engine\dbkkernel\x64\debug\dbkkernel.tlog\stampinf.write.1.tlog
